<?xml version="1.0" encoding="UTF-8"?>
<!-- Generated by org.testng.reporters.JUnitReportReporter -->
<testsuite hostname="Rafia" failures="0" tests="1" name="com.tutorials.ninja.qa.testcases.LoginTest" time="11.062" errors="0" timestamp="2023-04-27T02:07:13 EDT" skipped="0">
  <testcase classname="com.tutorials.ninja.qa.testcases.LoginTest" name="verifyTabKeyOfTheKeyboardWorksOnLoginPage" time="11.062"/>
  <system-out/>
</testsuite> <!-- com.tutorials.ninja.qa.testcases.LoginTest -->
