<?xml version="1.0" encoding="UTF-8"?>
<!-- Generated by org.testng.reporters.JUnitReportReporter -->
<testsuite hostname="Rafia" failures="0" tests="1" name="com.tutorials.ninja.qa.testcases.RegisterTest" time="10.118" errors="0" timestamp="2023-04-27T02:17:01 EDT" skipped="0">
  <testcase classname="com.tutorials.ninja.qa.testcases.RegisterTest" name="verifyRegistrationUsingTABkeyOfKeyBoard" time="10.118"/>
  <system-out/>
</testsuite> <!-- com.tutorials.ninja.qa.testcases.RegisterTest -->
