<?xml version="1.0" encoding="UTF-8"?>
<!-- Generated by org.testng.reporters.JUnitReportReporter -->
<testsuite hostname="Rafia" failures="0" tests="1" name="com.tutorials.ninja.qa.testcases.LoginTest" time="9.369" errors="0" timestamp="2023-04-26T21:49:35 EDT" skipped="0">
  <testcase classname="com.tutorials.ninja.qa.testcases.LoginTest" name="verifyTabKeyofTheKeyboardWorksOnLoginPage_016" time="9.369"/>
  <system-out/>
</testsuite> <!-- com.tutorials.ninja.qa.testcases.LoginTest -->
