<?xml version="1.0" encoding="UTF-8"?>
<!-- Generated by org.testng.reporters.JUnitReportReporter -->
<testsuite hostname="Rafia" failures="0" tests="1" name="com.tutorials.ninja.qa.testcases.SearchProductTest" time="14.326" errors="0" timestamp="2023-04-17T10:14:31 EDT" skipped="0">
  <testcase classname="com.tutorials.ninja.qa.testcases.SearchProductTest" name="verifySearchWithExistingProductName" time="14.326"/>
  <system-out/>
</testsuite> <!-- com.tutorials.ninja.qa.testcases.SearchProductTest -->
