<?xml version="1.0" encoding="UTF-8"?>
<!-- Generated by org.testng.reporters.JUnitReportReporter -->
<testsuite hostname="Rafia" failures="0" tests="26" name="com.tutorials.ninja.qa.testcases.LoginTest" time="165.353" errors="0" timestamp="2023-04-17T14:12:39 EDT" skipped="0">
  <testcase classname="com.tutorials.ninja.qa.testcases.LoginTest" name="verifyLoginUsingValidCredentials_001" time="6.496"/>
  <system-out/>
  <testcase classname="com.tutorials.ninja.qa.testcases.LoginTest" name="verifyLoginUsingValidCredentials_001" time="6.936"/>
  <system-out/>
  <testcase classname="com.tutorials.ninja.qa.testcases.LoginTest" name="verifyLoginUsingValidCredentials_001" time="6.491"/>
  <system-out/>
  <testcase classname="com.tutorials.ninja.qa.testcases.LoginTest" name="verifyLoginUsingValidCredentials_001" time="5.964"/>
  <system-out/>
  <testcase classname="com.tutorials.ninja.qa.testcases.LoginTest" name="verifyLoginUsingValidCredentials_001" time="6.515"/>
  <system-out/>
  <testcase classname="com.tutorials.ninja.qa.testcases.LoginTest" name="verifyLoginUsingInvalidCredentials_002" time="6.291"/>
  <system-out/>
  <testcase classname="com.tutorials.ninja.qa.testcases.LoginTest" name="verifyLoginUsingInvalidEmailandValidPassword_003" time="6.582"/>
  <system-out/>
  <testcase classname="com.tutorials.ninja.qa.testcases.LoginTest" name="verifyLoginUsingValidEmailandInvalidPassword_004" time="6.009"/>
  <system-out/>
  <testcase classname="com.tutorials.ninja.qa.testcases.LoginTest" name="verifyLoginUsingBlankEmailandValidPassword_005" time="5.813"/>
  <system-out/>
  <testcase classname="com.tutorials.ninja.qa.testcases.LoginTest" name="verifyLoginUsingValidEmailandBlankPassword_006" time="6.138"/>
  <system-out/>
  <testcase classname="com.tutorials.ninja.qa.testcases.LoginTest" name="verifyLoginUsingBlankCredentials_007" time="5.669"/>
  <system-out/>
  <testcase classname="com.tutorials.ninja.qa.testcases.LoginTest" name="verifyLoginUsingInactiveCredentials_008" time="6.516"/>
  <system-out/>
  <testcase classname="com.tutorials.ninja.qa.testcases.LoginTest" name="verifyWorkingOfForgetPasswordLink_009" time="5.835"/>
  <system-out/>
  <testcase classname="com.tutorials.ninja.qa.testcases.LoginTest" name="verifyLoginIntoApplicationAndBrowsingBackWithoutBeingLoggedOut_010" time="6.480"/>
  <system-out/>
  <testcase classname="com.tutorials.ninja.qa.testcases.LoginTest" name="verifyNavigationToDifferentPagesFromLoginPage_011" time="7.769"/>
  <system-out/>
  <testcase classname="com.tutorials.ninja.qa.testcases.LoginTest" name="verifyOpeningOfLoginLinkInANewTab_012" time="6.393"/>
  <system-out/>
  <testcase classname="com.tutorials.ninja.qa.testcases.LoginTest" name="verifyOpeningOfLoginLinkInANewWindow_013" time="6.531"/>
  <system-out/>
  <testcase classname="com.tutorials.ninja.qa.testcases.LoginTest" name="verifyProperLogoutAfterLogin_014" time="8.422"/>
  <system-out/>
  <testcase classname="com.tutorials.ninja.qa.testcases.LoginTest" name="verifyLoginUsingValidCredentialsPressingTheEnterKey_015" time="6.171"/>
  <system-out/>
  <testcase classname="com.tutorials.ninja.qa.testcases.LoginTest" name="verifyTabKeyofTheKeyboardWorksOnLoginPage_016" time="6.464"/>
  <system-out/>
  <testcase classname="com.tutorials.ninja.qa.testcases.LoginTest" name="verifyCopyAndPasteOfPasswordIsDisabled" time="5.462"/>
  <system-out/>
  <testcase classname="com.tutorials.ninja.qa.testcases.LoginTest" name="verifyNavigationToCommandInLoginPage_017" time="6.514"/>
  <system-out/>
  <testcase classname="com.tutorials.ninja.qa.testcases.LoginTest" name="verifyNavigationRefreshCommandInLoginPage_020" time="5.959"/>
  <system-out/>
  <testcase classname="com.tutorials.ninja.qa.testcases.LoginTest" name="verifyNavigationBackCommandInLoginPage_018" time="6.359"/>
  <system-out/>
  <testcase classname="com.tutorials.ninja.qa.testcases.LoginTest" name="verifyNavigationForwardCommandOfLoginPage_019" time="5.675"/>
  <system-out/>
  <testcase classname="com.tutorials.ninja.qa.testcases.LoginTest" name="verifyWorkingOfBackspaceKeyOnLoginPage_021" time="5.899"/>
  <system-out/>
</testsuite> <!-- com.tutorials.ninja.qa.testcases.LoginTest -->
