<?xml version="1.0" encoding="UTF-8"?>
<!-- Generated by org.testng.reporters.JUnitReportReporter -->
<testsuite hostname="Rafia" failures="0" tests="15" name="com.tutorials.ninja.qa.testcases.SearchProductTest" time="82.330" errors="0" timestamp="2023-04-16T22:41:20 EDT" skipped="0">
  <testcase classname="com.tutorials.ninja.qa.testcases.SearchProductTest" name="verifySearchBoxIsClickable" time="4.637"/>
  <system-out/>
  <testcase classname="com.tutorials.ninja.qa.testcases.SearchProductTest" name="verifySearchWithExistingProductName" time="5.266"/>
  <system-out/>
  <testcase classname="com.tutorials.ninja.qa.testcases.SearchProductTest" name="verifySearchWithANonExistingProductName" time="5.020"/>
  <system-out/>
  <testcase classname="com.tutorials.ninja.qa.testcases.SearchProductTest" name="verifySearchWithoutProvidingAnything" time="4.965"/>
  <system-out/>
  <testcase classname="com.tutorials.ninja.qa.testcases.SearchProductTest" name="verifySearchProductAfterLogin" time="6.437"/>
  <system-out/>
  <testcase classname="com.tutorials.ninja.qa.testcases.SearchProductTest" name="verifyProperLogoutAfterSearchingForProduct" time="7.177"/>
  <system-out/>
  <testcase classname="com.tutorials.ninja.qa.testcases.SearchProductTest" name="verifyCorrectResultsAreDisplayedAfterASearch" time="4.996"/>
  <system-out/>
  <testcase classname="com.tutorials.ninja.qa.testcases.SearchProductTest" name="verifySearchWithSpecialCharacter" time="4.899"/>
  <system-out/>
  <testcase classname="com.tutorials.ninja.qa.testcases.SearchProductTest" name="verifySearchWhenTheSearchTermIsMisspelled" time="5.024"/>
  <system-out/>
  <testcase classname="com.tutorials.ninja.qa.testcases.SearchProductTest" name="verifySearchWhenTheSearchTermIsASynonym" time="4.700"/>
  <system-out/>
  <testcase classname="com.tutorials.ninja.qa.testcases.SearchProductTest" name="verifySearchWithExtraSpacesBetweenLetters" time="6.391"/>
  <system-out/>
  <testcase classname="com.tutorials.ninja.qa.testcases.SearchProductTest" name="verifySearchWithAllUppercase" time="5.187"/>
  <system-out/>
  <testcase classname="com.tutorials.ninja.qa.testcases.SearchProductTest" name="verifySearchWithAllLowercase" time="5.184"/>
  <system-out/>
  <testcase classname="com.tutorials.ninja.qa.testcases.SearchProductTest" name="verifySearchWithMixedUppercaseAndlowercase" time="5.171"/>
  <system-out/>
  <testcase classname="com.tutorials.ninja.qa.testcases.SearchProductTest" name="verifySearchingForProductAfterLogout" time="7.276"/>
  <system-out/>
</testsuite> <!-- com.tutorials.ninja.qa.testcases.SearchProductTest -->
