<?xml version="1.0" encoding="UTF-8"?>
<!-- Generated by org.testng.reporters.JUnitReportReporter -->
<testsuite hostname="Rafia" failures="0" tests="1" name="com.tutorials.ninja.qa.testcases.LoginTest" time="6.509" errors="0" timestamp="2023-04-17T19:44:11 EDT" skipped="0">
  <testcase classname="com.tutorials.ninja.qa.testcases.LoginTest" name="verifyLoginUsingInvalidCredentials_002" time="6.509"/>
  <system-out/>
</testsuite> <!-- com.tutorials.ninja.qa.testcases.LoginTest -->
