<?xml version="1.0" encoding="UTF-8"?>
<!-- Generated by org.testng.reporters.JUnitReportReporter -->
<testsuite hostname="Rafia" failures="0" tests="38" name="com.tutorials.ninja.qa.testcases.SearchProductTest" time="234.050" errors="0" timestamp="2023-04-26T16:39:40 EDT" skipped="0">
  <testcase classname="com.tutorials.ninja.qa.testcases.SearchProductTest" name="verifySearchBoxIsClickable" time="5.001"/>
  <system-out/>
  <testcase classname="com.tutorials.ninja.qa.testcases.SearchProductTest" name="verifySearchWithExistingProductName" time="6.020"/>
  <system-out/>
  <testcase classname="com.tutorials.ninja.qa.testcases.SearchProductTest" name="verifySearchWithANonExistingProductName" time="5.813"/>
  <system-out/>
  <testcase classname="com.tutorials.ninja.qa.testcases.SearchProductTest" name="verifySearchWithoutProvidingAnything" time="5.586"/>
  <system-out/>
  <testcase classname="com.tutorials.ninja.qa.testcases.SearchProductTest" name="verifySearchProductAfterLogin" time="7.482"/>
  <system-out/>
  <testcase classname="com.tutorials.ninja.qa.testcases.SearchProductTest" name="verifyProperLogoutAfterSearchingForProduct" time="8.499"/>
  <system-out/>
  <testcase classname="com.tutorials.ninja.qa.testcases.SearchProductTest" name="verifyCorrectResultsAreDisplayedAfterASearch" time="5.757"/>
  <system-out/>
  <testcase classname="com.tutorials.ninja.qa.testcases.SearchProductTest" name="verifySearchWithSpecialCharacter" time="5.808"/>
  <system-out/>
  <testcase classname="com.tutorials.ninja.qa.testcases.SearchProductTest" name="verifySearchWhenTheSearchTermIsMisspelled" time="5.934"/>
  <system-out/>
  <testcase classname="com.tutorials.ninja.qa.testcases.SearchProductTest" name="verifySearchByProvidingASearchCriteriaThatResultsInMultipleProducts" time="5.908"/>
  <system-out/>
  <testcase classname="com.tutorials.ninja.qa.testcases.SearchProductTest" name="verifySearchWithExtraSpacesBetweenLetters" time="6.010"/>
  <system-out/>
  <testcase classname="com.tutorials.ninja.qa.testcases.SearchProductTest" name="verifySearchWithAllUppercase" time="5.869"/>
  <system-out/>
  <testcase classname="com.tutorials.ninja.qa.testcases.SearchProductTest" name="verifySearchWithAllLowercase" time="5.882"/>
  <system-out/>
  <testcase classname="com.tutorials.ninja.qa.testcases.SearchProductTest" name="verifySearchWithMixedUppercaseAndlowercase" time="5.746"/>
  <system-out/>
  <testcase classname="com.tutorials.ninja.qa.testcases.SearchProductTest" name="verifySearchingForProductAfterLogout" time="8.384"/>
  <system-out/>
  <testcase classname="com.tutorials.ninja.qa.testcases.SearchProductTest" name="verifySearchingForProductUsingTheENTERkey" time="5.749"/>
  <system-out/>
  <testcase classname="com.tutorials.ninja.qa.testcases.SearchProductTest" name="verifyWorkingOfTABkeyWhenLookingForProducts" time="11.476"/>
  <system-out/>
  <testcase classname="com.tutorials.ninja.qa.testcases.SearchProductTest" name="verifyClickingOnDesktopsLink" time="5.250"/>
  <system-out/>
  <testcase classname="com.tutorials.ninja.qa.testcases.SearchProductTest" name="verifyClickingOnLaptopsAndNotebooksLink" time="5.469"/>
  <system-out/>
  <testcase classname="com.tutorials.ninja.qa.testcases.SearchProductTest" name="verifyClickingOnComponentsLink" time="4.997"/>
  <system-out/>
  <testcase classname="com.tutorials.ninja.qa.testcases.SearchProductTest" name="verifyClickingOnTabletsLink" time="5.873"/>
  <system-out/>
  <testcase classname="com.tutorials.ninja.qa.testcases.SearchProductTest" name="verifyClickingOnSoftwareLink" time="5.864"/>
  <system-out/>
  <testcase classname="com.tutorials.ninja.qa.testcases.SearchProductTest" name="verifyClickingOnPhonesAndPDAsLink" time="5.727"/>
  <system-out/>
  <testcase classname="com.tutorials.ninja.qa.testcases.SearchProductTest" name="verifyClickingOnCamerasLink" time="5.875"/>
  <system-out/>
  <testcase classname="com.tutorials.ninja.qa.testcases.SearchProductTest" name="verifyClickingOnMP3PlayersLink" time="4.982"/>
  <system-out/>
  <testcase classname="com.tutorials.ninja.qa.testcases.SearchProductTest" name="verifyClickingOnDesktopsSublinkPC" time="7.952"/>
  <system-out/>
  <testcase classname="com.tutorials.ninja.qa.testcases.SearchProductTest" name="verifyClickingOnDesktopsSublinkMac" time="5.870"/>
  <system-out/>
  <testcase classname="com.tutorials.ninja.qa.testcases.SearchProductTest" name="verifyClickingOnDesktopsSublinkShowAllDesktops" time="6.300"/>
  <system-out/>
  <testcase classname="com.tutorials.ninja.qa.testcases.SearchProductTest" name="verifyClickingOnLaptopsAndNotebooksSublinkMacs" time="6.122"/>
  <system-out/>
  <testcase classname="com.tutorials.ninja.qa.testcases.SearchProductTest" name="verifyClickingOnLaptopsAndNotebooksSublinkWindows" time="5.955"/>
  <system-out/>
  <testcase classname="com.tutorials.ninja.qa.testcases.SearchProductTest" name="verifyClickingOnLaptopsAndNotebooksSublinkShowAll" time="6.125"/>
  <system-out/>
  <testcase classname="com.tutorials.ninja.qa.testcases.SearchProductTest" name="verifyClickingOnComponentsSublinkMiceAndTrackballs" time="5.927"/>
  <system-out/>
  <testcase classname="com.tutorials.ninja.qa.testcases.SearchProductTest" name="verifyClickingOnComponentsSublinkMonitor" time="5.637"/>
  <system-out/>
  <testcase classname="com.tutorials.ninja.qa.testcases.SearchProductTest" name="verifyClickingOnComponentsSublinkPrinters" time="5.621"/>
  <system-out/>
  <testcase classname="com.tutorials.ninja.qa.testcases.SearchProductTest" name="verifyClickingOnComponentsSublinkScanners" time="6.216"/>
  <system-out/>
  <testcase classname="com.tutorials.ninja.qa.testcases.SearchProductTest" name="verifyClickingOnComponentsSublinkWebCameras" time="5.532"/>
  <system-out/>
  <testcase classname="com.tutorials.ninja.qa.testcases.SearchProductTest" name="verifyClickingOnComponentsSublinkShowAllComponents" time="5.909"/>
  <system-out/>
  <testcase classname="com.tutorials.ninja.qa.testcases.SearchProductTest" name="verifyClickingOnMP3PlayersSublinkShowAllMP3Players" time="5.923"/>
  <system-out/>
</testsuite> <!-- com.tutorials.ninja.qa.testcases.SearchProductTest -->
