<?xml version="1.0" encoding="UTF-8"?>
<!-- Generated by org.testng.reporters.JUnitReportReporter -->
<testsuite hostname="Rafia" failures="0" tests="1" name="com.tutorials.ninja.qa.testcases.LoginTest" time="11.707" errors="0" timestamp="2023-04-17T09:46:42 EDT" skipped="0">
  <testcase classname="com.tutorials.ninja.qa.testcases.LoginTest" name="verifyTabKeyofTheKeyboardWorksOnLoginPage" time="11.707"/>
  <system-out/>
</testsuite> <!-- com.tutorials.ninja.qa.testcases.LoginTest -->
