<?xml version="1.0" encoding="UTF-8"?>
<!-- Generated by org.testng.reporters.JUnitReportReporter -->
<testsuite hostname="Rafia" failures="0" tests="1" name="com.tutorials.ninja.qa.testcases.RegisterTest" time="7.161" errors="0" timestamp="2023-04-18T02:04:11 EDT" skipped="0">
  <testcase classname="com.tutorials.ninja.qa.testcases.RegisterTest" name="verifyCopyAndPasteWorksOnRegisterPage" time="7.161"/>
  <system-out/>
</testsuite> <!-- com.tutorials.ninja.qa.testcases.RegisterTest -->
