<?xml version="1.0" encoding="UTF-8"?>
<!-- Generated by org.testng.reporters.JUnitReportReporter -->
<testsuite hostname="Rafia" failures="0" tests="1" name="com.tutorials.ninja.qa.testcases.RegisterTest" time="6.299" errors="0" timestamp="28 Apr 2023 03:03:31 GMT" skipped="0">
  <testcase classname="com.tutorials.ninja.qa.testcases.RegisterTest" name="verifyRegisterAnAccountWithOnlyMandatoryFields" time="6.299"/>
</testsuite> <!-- com.tutorials.ninja.qa.testcases.RegisterTest -->
