<?xml version="1.0" encoding="UTF-8"?>
<!-- Generated by org.testng.reporters.JUnitReportReporter -->
<testsuite skipped="0" hostname="Rafia" name="com.tutorials.ninja.qa.testcases.RegisterTest" tests="1" failures="0" timestamp="27 Apr 2023 23:20:07 GMT" time="8.598" errors="0">
  <testcase name="verifyRegisterAnAccountWithOnlyMandatoryFields" time="8.598" classname="com.tutorials.ninja.qa.testcases.RegisterTest"/>
</testsuite> <!-- com.tutorials.ninja.qa.testcases.RegisterTest -->
