<?xml version="1.0" encoding="UTF-8"?>
<!-- Generated by org.testng.reporters.JUnitReportReporter -->
<testsuite skipped="0" hostname="Rafia" name="com.tutorials.ninja.qa.testcases.SearchProductTest" tests="1" failures="0" timestamp="27 Apr 2023 23:20:07 GMT" time="6.142" errors="0">
  <testcase name="verifySearchBoxIsClickable" time="6.142" classname="com.tutorials.ninja.qa.testcases.SearchProductTest"/>
</testsuite> <!-- com.tutorials.ninja.qa.testcases.SearchProductTest -->
