<?xml version="1.0" encoding="UTF-8"?>
<!-- Generated by org.testng.reporters.JUnitReportReporter -->
<testsuite skipped="0" hostname="Rafia" name="com.tutorials.ninja.qa.testcases.LoginTest" tests="4" failures="0" timestamp="27 Apr 2023 23:20:07 GMT" time="31.012" errors="0">
  <testcase name="verifyLoginUsingValidCredentials" time="7.630" classname="com.tutorials.ninja.qa.testcases.LoginTest"/>
  <testcase name="verifyLoginUsingValidCredentials" time="7.775" classname="com.tutorials.ninja.qa.testcases.LoginTest"/>
  <testcase name="verifyLoginUsingValidCredentials" time="7.350" classname="com.tutorials.ninja.qa.testcases.LoginTest"/>
  <testcase name="verifyLoginUsingValidCredentials" time="8.257" classname="com.tutorials.ninja.qa.testcases.LoginTest"/>
</testsuite> <!-- com.tutorials.ninja.qa.testcases.LoginTest -->
