<?xml version="1.0" encoding="UTF-8"?>
<!-- Generated by org.testng.reporters.JUnitReportReporter -->
<testsuite skipped="0" hostname="Rafia" name="com.tutorials.ninja.qa.testcases.RegisterTest" tests="31" failures="0" timestamp="2023-04-27T23:18:04 EDT" time="203.334" errors="0">
  <testcase name="verifyRegisterAnAccountWithOnlyMandatoryFields" time="6.973" classname="com.tutorials.ninja.qa.testcases.RegisterTest"/>
  <testcase name="verifyRegisterAnAccountByProvidingAllFields" time="6.868" classname="com.tutorials.ninja.qa.testcases.RegisterTest"/>
  <testcase name="verifyRegisterWithOnlyFirstName" time="6.124" classname="com.tutorials.ninja.qa.testcases.RegisterTest"/>
  <testcase name="verifyRegisterWithOnlyFirstAndLastName" time="5.924" classname="com.tutorials.ninja.qa.testcases.RegisterTest"/>
  <testcase name="verifyRegisterUptoEmail" time="6.294" classname="com.tutorials.ninja.qa.testcases.RegisterTest"/>
  <testcase name="verifyRegisterUptoTelePhoneNumber" time="8.973" classname="com.tutorials.ninja.qa.testcases.RegisterTest"/>
  <testcase name="verifyRegisterUptoPassword" time="6.506" classname="com.tutorials.ninja.qa.testcases.RegisterTest"/>
  <testcase name="verifyRegisterWithoutCheckingPrivacyPolicy" time="6.447" classname="com.tutorials.ninja.qa.testcases.RegisterTest"/>
  <testcase name="verifyRegisterByEnteringDifferentPasswordForThePasswordFields" time="6.464" classname="com.tutorials.ninja.qa.testcases.RegisterTest"/>
  <testcase name="verifyRegisterSubscribedYes" time="6.903" classname="com.tutorials.ninja.qa.testcases.RegisterTest"/>
  <testcase name="verifyRegisterSubscribedNo" time="6.715" classname="com.tutorials.ninja.qa.testcases.RegisterTest"/>
  <testcase name="verifyRegisterUsingExistingEmail" time="6.457" classname="com.tutorials.ninja.qa.testcases.RegisterTest"/>
  <testcase name="verifyRegisterUsingMoreThan32NumbersForTelePhoneNumber" time="6.552" classname="com.tutorials.ninja.qa.testcases.RegisterTest"/>
  <testcase name="verifyRegisterAnAccountWithoutFillingAnything" time="6.017" classname="com.tutorials.ninja.qa.testcases.RegisterTest"/>
  <testcase name="verifyRegisterUsingMoreThan32CharactersForFirstName" time="6.495" classname="com.tutorials.ninja.qa.testcases.RegisterTest"/>
  <testcase name="verifyRegisterUsingMoreThan32CharactersForLastName" time="6.429" classname="com.tutorials.ninja.qa.testcases.RegisterTest"/>
  <testcase name="verifyRegisterUsingMoreThan20CharactersForPassword" time="6.413" classname="com.tutorials.ninja.qa.testcases.RegisterTest"/>
  <testcase name="verifyRegisterUsingLessThan4CharactersForPassword" time="6.653" classname="com.tutorials.ninja.qa.testcases.RegisterTest"/>
  <testcase name="verifyRegisterUsingLessThan3NumbersForTelePhoneNumber" time="6.474" classname="com.tutorials.ninja.qa.testcases.RegisterTest"/>
  <testcase name="verifyOpeningOfRegisterPageInANewTab" time="6.106" classname="com.tutorials.ninja.qa.testcases.RegisterTest"/>
  <testcase name="verifyOpeningOfRegisterPageInANewWindow" time="6.635" classname="com.tutorials.ninja.qa.testcases.RegisterTest"/>
  <testcase name="verifyLoginAfterRegistration" time="7.060" classname="com.tutorials.ninja.qa.testcases.RegisterTest"/>
  <testcase name="verifyProperLogoutAfterRegistration" time="7.827" classname="com.tutorials.ninja.qa.testcases.RegisterTest"/>
  <testcase name="verifyENTERKeyOfKeyboardWorksOnRegistrationPage" time="6.814" classname="com.tutorials.ninja.qa.testcases.RegisterTest"/>
  <testcase name="verifyBACKSPACEofKeyboardWorksInRegisterPage" time="5.662" classname="com.tutorials.ninja.qa.testcases.RegisterTest"/>
  <testcase name="verifyCopyAndPasteWorksOnRegisterPage" time="5.765" classname="com.tutorials.ninja.qa.testcases.RegisterTest"/>
  <testcase name="verifyNavigateTOcommandInRegisterPage" time="6.200" classname="com.tutorials.ninja.qa.testcases.RegisterTest"/>
  <testcase name="verifyNavigateBACKcommandInRegisterPage" time="6.597" classname="com.tutorials.ninja.qa.testcases.RegisterTest"/>
  <testcase name="verifyNavigationFORWARDcommandInRegisterPage" time="5.733" classname="com.tutorials.ninja.qa.testcases.RegisterTest"/>
  <testcase name="verifyNavigationREFRESHcommandInRegisterPage" time="6.437" classname="com.tutorials.ninja.qa.testcases.RegisterTest"/>
  <testcase name="verifyWorkingOfTABkeyOfKeyBoardInRegistrationPage" time="6.817" classname="com.tutorials.ninja.qa.testcases.RegisterTest"/>
</testsuite> <!-- com.tutorials.ninja.qa.testcases.RegisterTest -->
